<?xml version="1.0" encoding="utf-8"?><testsuites name="pytest tests"><testsuite name="pytest" errors="0" failures="0" skipped="0" tests="18" time="26.974" timestamp="2026-02-21T07:36:56.251401+00:00" hostname="agent-env-31f757d6-1a8b-4a94-863c-0417468ac40e"><testcase classname="backend.tests.test_equipped_api.TestHealthCheck" name="test_root_endpoint" time="0.565" /><testcase classname="backend.tests.test_equipped_api.TestHealthCheck" name="test_health_endpoint" time="0.442" /><testcase classname="backend.tests.test_equipped_api.TestAuthentication" name="test_master_user_login" time="0.627" /><testcase classname="backend.tests.test_equipped_api.TestAuthentication" name="test_admin_user_login" time="0.713" /><testcase classname="backend.tests.test_equipped_api.TestAuthentication" name="test_login_invalid_credentials" time="0.399" /><testcase classname="backend.tests.test_equipped_api.TestAuthentication" name="test_trial_user_registration" time="0.610" /><testcase classname="backend.tests.test_equipped_api.TestModulesAndLessons" name="test_get_modules" time="1.377" /><testcase classname="backend.tests.test_equipped_api.TestModulesAndLessons" name="test_get_single_lesson" time="1.427" /><testcase classname="backend.tests.test_equipped_api.TestModulesAndLessons" name="test_lesson_navigation_data" time="1.404" /><testcase classname="backend.tests.test_equipped_api.TestLessonProgress" name="test_update_lesson_progress" time="1.396" /><testcase classname="backend.tests.test_equipped_api.TestLessonProgress" name="test_next_lesson_unlocks_after_completion" time="1.075" /><testcase classname="backend.tests.test_equipped_api.TestAdminUserVerification" name="test_get_all_users_as_admin" time="1.054" /><testcase classname="backend.tests.test_equipped_api.TestAdminUserVerification" name="test_verify_user_endpoint" time="1.828" /><testcase classname="backend.tests.test_equipped_api.TestAdminUserVerification" name="test_non_admin_cannot_verify_users" time="1.013" /><testcase classname="backend.tests.test_equipped_api.TestScreenshotDetection" name="test_report_screenshot_attempt" time="1.035" /><testcase classname="backend.tests.test_equipped_api.TestScreenshotDetection" name="test_get_screenshot_alerts_as_admin" time="1.000" /><testcase classname="backend.tests.test_equipped_api.TestSandboxModes" name="test_chat_endpoint_basic" time="10.192" /><testcase classname="backend.tests.test_equipped_api.TestTrialUserRestrictions" name="test_trial_user_created_unverified" time="0.756" /></testsuite></testsuites>