<?xml version="1.0" encoding="utf-8"?><testsuites name="pytest tests"><testsuite name="pytest" errors="0" failures="2" skipped="0" tests="18" time="30.163" timestamp="2026-02-21T07:35:47.713149+00:00" hostname="agent-env-31f757d6-1a8b-4a94-863c-0417468ac40e"><testcase classname="backend.tests.test_equipped_api.TestHealthCheck" name="test_root_endpoint" time="0.601" /><testcase classname="backend.tests.test_equipped_api.TestHealthCheck" name="test_health_endpoint" time="0.411" /><testcase classname="backend.tests.test_equipped_api.TestAuthentication" name="test_master_user_login" time="0.651" /><testcase classname="backend.tests.test_equipped_api.TestAuthentication" name="test_admin_user_login" time="0.642" /><testcase classname="backend.tests.test_equipped_api.TestAuthentication" name="test_login_invalid_credentials" time="0.486" /><testcase classname="backend.tests.test_equipped_api.TestAuthentication" name="test_trial_user_registration" time="0.578"><failure message="assert 520 == 200&#10; +  where 520 = &lt;Response [520]&gt;.status_code">backend/tests/test_equipped_api.py:80: in test_trial_user_registration
    assert response.status_code == 200
E   assert 520 == 200
E    +  where 520 = &lt;Response [520]&gt;.status_code</failure></testcase><testcase classname="backend.tests.test_equipped_api.TestModulesAndLessons" name="test_get_modules" time="1.167" /><testcase classname="backend.tests.test_equipped_api.TestModulesAndLessons" name="test_get_single_lesson" time="1.495" /><testcase classname="backend.tests.test_equipped_api.TestModulesAndLessons" name="test_lesson_navigation_data" time="1.437" /><testcase classname="backend.tests.test_equipped_api.TestLessonProgress" name="test_update_lesson_progress" time="1.466" /><testcase classname="backend.tests.test_equipped_api.TestLessonProgress" name="test_next_lesson_unlocks_after_completion" time="1.046" /><testcase classname="backend.tests.test_equipped_api.TestAdminUserVerification" name="test_get_all_users_as_admin" time="1.115" /><testcase classname="backend.tests.test_equipped_api.TestAdminUserVerification" name="test_verify_user_endpoint" time="1.820" /><testcase classname="backend.tests.test_equipped_api.TestAdminUserVerification" name="test_non_admin_cannot_verify_users" time="0.544" /><testcase classname="backend.tests.test_equipped_api.TestScreenshotDetection" name="test_report_screenshot_attempt" time="1.076" /><testcase classname="backend.tests.test_equipped_api.TestScreenshotDetection" name="test_get_screenshot_alerts_as_admin" time="1.155" /><testcase classname="backend.tests.test_equipped_api.TestSandboxModes" name="test_chat_endpoint_basic" time="13.583" /><testcase classname="backend.tests.test_equipped_api.TestTrialUserRestrictions" name="test_trial_user_created_unverified" time="0.723"><failure message="assert 520 == 200&#10; +  where 520 = &lt;Response [520]&gt;.status_code">backend/tests/test_equipped_api.py:343: in test_trial_user_created_unverified
    assert response.status_code == 200
E   assert 520 == 200
E    +  where 520 = &lt;Response [520]&gt;.status_code</failure></testcase></testsuite></testsuites>